0 info it worked if it ends with ok
1 verbose cli [ 'node', '/usr/local/bin/npm', 'install', '-g', 'less' ]
2 info using npm@1.4.23
3 info using node@v0.10.31
4 verbose cache add [ 'less', null ]
5 verbose cache add name=undefined spec="less" args=["less",null]
6 verbose parsed url { protocol: null,
6 verbose parsed url   slashes: null,
6 verbose parsed url   auth: null,
6 verbose parsed url   host: null,
6 verbose parsed url   port: null,
6 verbose parsed url   hostname: null,
6 verbose parsed url   hash: null,
6 verbose parsed url   search: null,
6 verbose parsed url   query: null,
6 verbose parsed url   pathname: 'less',
6 verbose parsed url   path: 'less',
6 verbose parsed url   href: 'less' }
7 silly lockFile 0b439cf4-less less
8 verbose lock less /Users/workshop/.npm/0b439cf4-less.lock
9 silly lockFile 0b439cf4-less less
10 silly lockFile 0b439cf4-less less
11 verbose addNamed [ 'less', '' ]
12 verbose addNamed [ null, '*' ]
13 silly lockFile e13833ab-less less@
14 verbose lock less@ /Users/workshop/.npm/e13833ab-less.lock
15 silly addNameRange { name: 'less', range: '*', hasData: false }
16 verbose request where is /less
17 verbose request registry https://registry.npmjs.org/
18 verbose request id 82705310cae326e0
19 verbose url raw /less
20 verbose url resolving [ 'https://registry.npmjs.org/', './less' ]
21 verbose url resolved https://registry.npmjs.org/less
22 verbose request where is https://registry.npmjs.org/less
23 info trying registry request attempt 1 at 22:16:40
24 verbose etag "C3L1AAG9BPTJY7231378V9BKD"
25 http GET https://registry.npmjs.org/less
26 http 304 https://registry.npmjs.org/less
27 silly registry.get cb [ 304,
27 silly registry.get   { date: 'Thu, 18 Sep 2014 02:16:40 GMT',
27 silly registry.get     server: 'Apache',
27 silly registry.get     via: '1.1 varnish',
27 silly registry.get     'last-modified': 'Thu, 18 Sep 2014 02:16:19 GMT',
27 silly registry.get     'cache-control': 'max-age=60',
27 silly registry.get     etag: '"C3L1AAG9BPTJY7231378V9BKD"',
27 silly registry.get     'x-served-by': 'cache-jfk1030-JFK',
27 silly registry.get     'x-cache': 'HIT',
27 silly registry.get     'x-cache-hits': '2',
27 silly registry.get     'x-timer': 'S1411006600.968935,VS0,VE0',
27 silly registry.get     vary: 'Accept',
27 silly registry.get     'content-length': '0',
27 silly registry.get     'keep-alive': 'timeout=10, max=50',
27 silly registry.get     connection: 'Keep-Alive' } ]
28 verbose etag https://registry.npmjs.org/less from cache
29 silly addNameRange number 2 { name: 'less', range: '*', hasData: true }
30 silly addNameRange versions [ 'less',
30 silly addNameRange   [ '1.0.10',
30 silly addNameRange     '1.0.11',
30 silly addNameRange     '1.0.14',
30 silly addNameRange     '1.0.18',
30 silly addNameRange     '1.0.19',
30 silly addNameRange     '1.0.21',
30 silly addNameRange     '1.0.32',
30 silly addNameRange     '1.0.36',
30 silly addNameRange     '1.0.5',
30 silly addNameRange     '1.0.40',
30 silly addNameRange     '1.0.41',
30 silly addNameRange     '1.0.44',
30 silly addNameRange     '1.1.0',
30 silly addNameRange     '1.1.1',
30 silly addNameRange     '1.1.2',
30 silly addNameRange     '1.1.4',
30 silly addNameRange     '1.1.5',
30 silly addNameRange     '1.1.6',
30 silly addNameRange     '1.2.0',
30 silly addNameRange     '1.2.1',
30 silly addNameRange     '1.2.2',
30 silly addNameRange     '1.3.0',
30 silly addNameRange     '1.3.1',
30 silly addNameRange     '1.3.2',
30 silly addNameRange     '1.3.3',
30 silly addNameRange     '1.4.0-b1',
30 silly addNameRange     '1.4.0-b2',
30 silly addNameRange     '1.4.0-b3',
30 silly addNameRange     '1.4.0-b4',
30 silly addNameRange     '1.4.0',
30 silly addNameRange     '1.4.1',
30 silly addNameRange     '1.4.2',
30 silly addNameRange     '1.5.0-b1',
30 silly addNameRange     '1.5.0-b2',
30 silly addNameRange     '1.5.0-b3',
30 silly addNameRange     '1.5.0-b4',
30 silly addNameRange     '1.5.0',
30 silly addNameRange     '1.5.1',
30 silly addNameRange     '1.6.0',
30 silly addNameRange     '1.6.1',
30 silly addNameRange     '1.6.2',
30 silly addNameRange     '1.6.3',
30 silly addNameRange     '1.7.0',
30 silly addNameRange     '1.7.1',
30 silly addNameRange     '1.7.3',
30 silly addNameRange     '1.7.4',
30 silly addNameRange     '1.7.5' ] ]
31 verbose addNamed [ 'less', '1.7.5' ]
32 verbose addNamed [ '1.7.5', '1.7.5' ]
33 silly lockFile fbb355ce-less-1-7-5 less@1.7.5
34 verbose lock less@1.7.5 /Users/workshop/.npm/fbb355ce-less-1-7-5.lock
35 silly lockFile fbb355ce-less-1-7-5 less@1.7.5
36 silly lockFile fbb355ce-less-1-7-5 less@1.7.5
37 silly lockFile e13833ab-less less@
38 silly lockFile e13833ab-less less@
39 silly resolved [ { name: 'less',
39 silly resolved     version: '1.7.5',
39 silly resolved     description: 'Leaner CSS',
39 silly resolved     homepage: 'http://lesscss.org',
39 silly resolved     author: { name: 'Alexis Sellier', email: 'self@cloudhead.net' },
39 silly resolved     contributors: [ [Object] ],
39 silly resolved     bugs: { url: 'https://github.com/less/less.js/issues' },
39 silly resolved     repository: { type: 'git', url: 'https://github.com/less/less.js.git' },
39 silly resolved     licenses: [ [Object] ],
39 silly resolved     bin: { lessc: './bin/lessc' },
39 silly resolved     main: './lib/less/index',
39 silly resolved     directories: { test: './test' },
39 silly resolved     jam: { main: './dist/less-1.7.5.js' },
39 silly resolved     engines: { node: '>=0.8.0' },
39 silly resolved     scripts: { test: 'grunt test' },
39 silly resolved     optionalDependencies:
39 silly resolved      { 'graceful-fs': '~3.0.2',
39 silly resolved        mime: '~1.2.11',
39 silly resolved        request: '~2.40.0',
39 silly resolved        mkdirp: '~0.5.0',
39 silly resolved        'clean-css': '2.2.x',
39 silly resolved        'source-map': '0.1.x' },
39 silly resolved     devDependencies:
39 silly resolved      { diff: '~1.0',
39 silly resolved        grunt: '~0.4.2',
39 silly resolved        'grunt-contrib-clean': '~0.5.0',
39 silly resolved        'grunt-contrib-concat': '~0.4.0',
39 silly resolved        'grunt-contrib-connect': '~0.7.0',
39 silly resolved        'grunt-contrib-jasmine': '~0.5.2',
39 silly resolved        'grunt-contrib-jshint': '~0.10.0',
39 silly resolved        'grunt-contrib-uglify': '~0.4.0',
39 silly resolved        'grunt-shell': '~0.7.0',
39 silly resolved        'http-server': '~0.6.1',
39 silly resolved        matchdep: '~0.3.0',
39 silly resolved        'time-grunt': '~0.3.1' },
39 silly resolved     keywords:
39 silly resolved      [ 'compile less',
39 silly resolved        'css nesting',
39 silly resolved        'css variable',
39 silly resolved        'css',
39 silly resolved        'gradients css',
39 silly resolved        'gradients css3',
39 silly resolved        'less compiler',
39 silly resolved        'less css',
39 silly resolved        'less mixins',
39 silly resolved        'less',
39 silly resolved        'less.js',
39 silly resolved        'lesscss',
39 silly resolved        'mixins',
39 silly resolved        'nested css',
39 silly resolved        'parser',
39 silly resolved        'preprocessor',
39 silly resolved        'bootstrap css',
39 silly resolved        'bootstrap less',
39 silly resolved        'style',
39 silly resolved        'styles',
39 silly resolved        'stylesheet',
39 silly resolved        'variables in css',
39 silly resolved        'css less' ],
39 silly resolved     dependencies:
39 silly resolved      { 'graceful-fs': '~3.0.2',
39 silly resolved        mime: '~1.2.11',
39 silly resolved        request: '~2.40.0',
39 silly resolved        mkdirp: '~0.5.0',
39 silly resolved        'clean-css': '2.2.x',
39 silly resolved        'source-map': '0.1.x' },
39 silly resolved     _id: 'less@1.7.5',
39 silly resolved     dist:
39 silly resolved      { shasum: '4f220cf7288a27eaca739df6e4808a2d4c0d5756',
39 silly resolved        tarball: 'http://registry.npmjs.org/less/-/less-1.7.5.tgz' },
39 silly resolved     _from: 'less@',
39 silly resolved     _npmVersion: '1.3.24',
39 silly resolved     _npmUser: { name: 'agatronic', email: 'luke.a.page@gmail.com' },
39 silly resolved     maintainers: [ [Object], [Object] ],
39 silly resolved     _shasum: '4f220cf7288a27eaca739df6e4808a2d4c0d5756',
39 silly resolved     _resolved: 'https://registry.npmjs.org/less/-/less-1.7.5.tgz',
39 silly resolved     readme: 'ERROR: No README data found!' } ]
40 info install less@1.7.5 into /usr/local/lib
41 info installOne less@1.7.5
42 verbose lib/node_modules/less unbuild
43 info preuninstall less@1.7.5
44 info uninstall less@1.7.5
45 verbose true,/usr/local/lib/node_modules,/usr/local/lib/node_modules unbuild less@1.7.5
46 verbose /usr/local/bin,[object Object] binRoot
47 verbose lib/node_modules/less unbuild
48 info preuninstall less@1.7.5
49 info uninstall less@1.7.5
50 verbose true,/usr/local/lib/node_modules,/usr/local/lib/node_modules unbuild less@1.7.5
51 verbose /usr/local/bin,[object Object] binRoot
52 error error rolling back Error: EACCES, unlink '/usr/local/bin/lessc'
52 error error rolling back  less@1.7.5 { [Error: EACCES, unlink '/usr/local/bin/lessc'] errno: 3, code: 'EACCES', path: '/usr/local/bin/lessc' }
53 error Error: EACCES, unlink '/usr/local/bin/lessc'
53 error  { [Error: EACCES, unlink '/usr/local/bin/lessc'] errno: 3, code: 'EACCES', path: '/usr/local/bin/lessc' }
54 error Please try running this command again as root/Administrator.
55 error System Darwin 13.3.0
56 error command "node" "/usr/local/bin/npm" "install" "-g" "less"
57 error cwd /Users/workshop/Desktop/workshop/sites/orangedrum
58 error node -v v0.10.31
59 error npm -v 1.4.23
60 error path /usr/local/bin/lessc
61 error code EACCES
62 error errno 3
63 error stack Error: EACCES, unlink '/usr/local/bin/lessc'
64 verbose exit [ 3, true ]
